  Building Custom Rule E:/code/c++/test/2/cross_platform_lib_windows/tcp_base_on_asio/src/tcp_client/CMakeLists.txt
  client.cpp
  Please define _WIN32_WINNT or _WIN32_WINDOWS appropriately. For example:
  - add -D_WIN32_WINNT=0x0601 to the compiler command line; or
  - add _WIN32_WINNT=0x0601 to your project's Preprocessor Definitions.
  Assuming _WIN32_WINNT=0x0601 (i.e. Windows 7 target).
E:\code\c++\test\2\cross_platform_lib_windows\tcp_base_on_asio\src\tcp_common\tcp_error.h(1,1): warning C4819: 该文件包含不能在当前代码页(936)中表示的字符。请将该文件保存为 Unicode 格式以防止数据丢失
d:\Microsoft Visual Studio\2019\Professional\VC\Tools\MSVC\14.29.30133\include\xutility(158,77): warning C4244: “参数”: 从“int64_t”转换到“boost::asio::ip::port_type”，可能丢失数据
d:\Microsoft Visual Studio\2019\Professional\VC\Tools\MSVC\14.29.30133\include\memory(2029): message : 查看对正在编译的函数 模板 实例化“void std::_Construct_in_place<_Ty,boost::asio::ip::address,int64_t&>(_Ty &,boost::asio::ip::address &&,int64_t &) noexcept”的引用
          with
          [
              _Ty=boost::asio::ip::tcp::endpoint
          ]
d:\Microsoft Visual Studio\2019\Professional\VC\Tools\MSVC\14.29.30133\include\memory(2748): message : 查看对正在编译的函数 模板 实例化“std::_Ref_count_obj2<_Ty>::_Ref_count_obj2<boost::asio::ip::address,int64_t&>(boost::asio::ip::address &&,int64_t &)”的引用
          with
          [
              _Ty=boost::asio::ip::tcp::endpoint
          ]
d:\Microsoft Visual Studio\2019\Professional\VC\Tools\MSVC\14.29.30133\include\memory(2748): message : 查看对正在编译的函数 模板 实例化“std::_Ref_count_obj2<_Ty>::_Ref_count_obj2<boost::asio::ip::address,int64_t&>(boost::asio::ip::address &&,int64_t &)”的引用
          with
          [
              _Ty=boost::asio::ip::tcp::endpoint
          ]
E:\code\c++\test\2\cross_platform_lib_windows\tcp_base_on_asio\src\tcp_client\client.cpp(16): message : 查看对正在编译的函数 模板 实例化“std::shared_ptr<boost::asio::ip::tcp::endpoint> std::make_shared<boost::asio::ip::tcp::endpoint,boost::asio::ip::address,int64_t&>(boost::asio::ip::address &&,int64_t &)”的引用
  tcpClient.vcxproj -> E:\code\c++\test\2\cross_platform_lib_windows\out\lib\Debug\tClient.lib
